2022-03-23 14:31:52.008 | ERROR    | conf.logger:log_request_error:16 - uid: '', requst: HTTPServerRequest(protocol='http', host='127.0.0.1:8000', method='POST', uri='/v1/login/', version='HTTP/1.1', remote_ip='127.0.0.1'), query: '', body b'{\n    "phone": "18856931381",\n    "password": "chenzhima"\n}'
Traceback (most recent call last):

  File "/Users/qiangchen/Desktop/Labs/Sao/venv/lib/python3.9/site-packages/tornado/web.py", line 1702, in _execute
    result = method(*self.path_args, **self.path_kwargs)
             │       │    │            │    └ {}
             │       │    │            └ <views.login.login_views.LoginHandler object at 0x7fb2e9b12fa0>
             │       │    └ []
             │       └ <views.login.login_views.LoginHandler object at 0x7fb2e9b12fa0>
             └ <bound method LoginHandler.post of <views.login.login_views.LoginHandler object at 0x7fb2e9b12fa0>>

  File "/Users/qiangchen/Desktop/Labs/Sao/views/login/login_views.py", line 22, in post
    self._login_with_password(phone, password)
    │    │                    │      └ 'chenzhima'
    │    │                    └ '18856931381'
    │    └ <function LoginHandler._login_with_password at 0x7fb2e9aeb430>
    └ <views.login.login_views.LoginHandler object at 0x7fb2e9b12fa0>

  File "/Users/qiangchen/Desktop/Labs/Sao/views/login/login_views.py", line 39, in _login_with_password
    self._login_success(user)
    │    │              └ <models.user_model.User object at 0x7fb2e9bb0e50>
    │    └ <function LoginHandler._login_success at 0x7fb2e9aeb550>
    └ <views.login.login_views.LoginHandler object at 0x7fb2e9b12fa0>

  File "/Users/qiangchen/Desktop/Labs/Sao/views/login/login_views.py", line 58, in _login_success
    user_json = user.to_json()
                │    └ <function ModelMixin.to_json at 0x7fb2e9a1f3a0>
                └ <models.user_model.User object at 0x7fb2e9bb0e50>

  File "/Users/qiangchen/Desktop/Labs/Sao/models/base_model.py", line 31, in to_json
    exclude_columns = self.json_exclude_columns()
                      │    └ <function User.json_exclude_columns at 0x7fb2e9a1fdc0>
                      └ <models.user_model.User object at 0x7fb2e9bb0e50>

  File "/Users/qiangchen/Desktop/Labs/Sao/models/user_model.py", line 31, in json_exclude_columns
    return ModelMixin.json_exclude_columns() + ['password']
           │          └ <function ModelMixin.json_exclude_columns at 0x7fb2e9a1f1f0>
           └ <class 'models.base_model.ModelMixin'>

TypeError: json_exclude_columns() missing 1 required positional argument: 'self'
